2022-06-01 19:27:36,223 CRITICAL config_client_log.py Критическая ошибка
2022-06-01 19:27:36,223 ERROR config_client_log.py Ошибка
2022-06-01 19:27:36,223 DEBUG config_client_log.py Отладочная информация
2022-06-01 19:27:36,223 INFO config_client_log.py Информационное сообщение
2022-06-01 19:30:19,847 CRITICAL config_client_log.py Критическая ошибка
2022-06-01 19:30:19,847 ERROR config_client_log.py Ошибка
2022-06-01 19:30:19,847 DEBUG config_client_log.py Отладочная информация
2022-06-01 19:30:19,847 INFO config_client_log.py Информационное сообщение
2022-06-01 19:55:54,699 CRITICAL config_client_log.py Критическая ошибка
2022-06-01 19:55:54,699 ERROR config_client_log.py Ошибка
2022-06-01 19:55:54,699 DEBUG config_client_log.py Отладочная информация
2022-06-01 19:55:54,699 INFO config_client_log.py Информационное сообщение
2022-06-01 19:56:23,025 CRITICAL config_client_log.py Критическая ошибка
2022-06-01 19:56:23,026 ERROR config_client_log.py Ошибка
2022-06-01 19:56:23,026 DEBUG config_client_log.py Отладочная информация
2022-06-01 19:56:23,026 INFO config_client_log.py Информационное сообщение
2022-06-01 20:00:48,602 CRITICAL config_client_log.py Критическая ошибка
2022-06-01 20:00:48,602 ERROR config_client_log.py Ошибка
2022-06-01 20:00:48,602 DEBUG config_client_log.py Отладочная информация
2022-06-01 20:00:48,602 INFO config_client_log.py Информационное сообщение
2022-06-01 20:24:28,876 INFO client.py Запущен клиент с парамертами: адрес сервера: 127.0.0.1, порт: 7777
2022-06-01 20:24:28,876 DEBUG client.py Сформировано presence сообщение для пользователя Guest
2022-06-01 20:24:28,877 DEBUG client.py Cообщение от сервера: {'response': 200}
2022-06-01 20:24:28,877 INFO client.py Принят ответ от сервера 200 : OK
