2022-06-01 19:29:52,557 CRITICAL config_server_log.py Критическая ошибка
2022-06-01 19:29:52,557 ERROR config_server_log.py Ошибка
2022-06-01 19:29:52,558 DEBUG config_server_log.py Отладочная информация
2022-06-01 19:29:52,558 INFO config_server_log.py Информационное сообщение
2022-06-01 19:55:59,371 CRITICAL config_server_log.py Критическая ошибка
2022-06-01 19:55:59,371 ERROR config_server_log.py Ошибка
2022-06-01 19:55:59,371 DEBUG config_server_log.py Отладочная информация
2022-06-01 19:55:59,372 INFO config_server_log.py Информационное сообщение
2022-06-01 19:56:26,858 CRITICAL config_server_log.py Критическая ошибка
2022-06-01 19:56:26,858 ERROR config_server_log.py Ошибка
2022-06-01 19:56:26,858 DEBUG config_server_log.py Отладочная информация
2022-06-01 19:56:26,858 INFO config_server_log.py Информационное сообщение
2022-06-01 20:20:13,146 CRITICAL config_server_log.py Критическая ошибка
2022-06-01 20:20:13,146 ERROR config_server_log.py Ошибка
2022-06-01 20:20:13,146 DEBUG config_server_log.py Отладочная информация
2022-06-01 20:20:13,146 INFO config_server_log.py Информационное сообщение
2022-06-01 20:23:15,271 INFO server.py Запущен сервер, порт для подключений: 7777, адрес с которого принимаются подключения: 127.0.0.1. Если адрес не указан, принимаются соединения с любых адресов.
2022-06-01 20:23:32,849 INFO server.py Установлено соедение с ПК ('127.0.0.1', 55004)
2022-06-01 20:23:32,850 DEBUG server.py Получено сообщение {'action': 'presence', 'time': 1654104212.849738, 'user': {'acc_name': 'Guest'}}
2022-06-01 20:23:32,850 INFO server.py Cформирован ответ клиенту {'response': 200}
2022-06-01 20:23:32,850 DEBUG server.py Соединение с клиентом ('127.0.0.1', 55004) закрывается.
2022-06-01 20:24:25,614 INFO server.py Запущен сервер, порт для подключений: 7777, адрес с которого принимаются подключения: 127.0.0.1. Если адрес не указан, принимаются соединения с любых адресов.
2022-06-01 20:24:28,877 INFO server.py Установлено соедение с ПК ('127.0.0.1', 55080)
2022-06-01 20:24:28,877 DEBUG server.py Получено сообщение {'action': 'presence', 'time': 1654104268.876929, 'user': {'acc_name': 'Guest'}}
2022-06-01 20:24:28,877 INFO server.py Cформирован ответ клиенту {'response': 200}
2022-06-01 20:24:28,877 DEBUG server.py Соединение с клиентом ('127.0.0.1', 55080) закрывается.
